<?xml version="1.0" encoding="UTF-8"?>
<testsuite name="hello.HelloWorldTests" tests="2" skipped="0" failures="0" errors="0" timestamp="2019-09-08T12:56:53" hostname="XATLCAMP10899" time="0.103">
  <properties/>
  <testcase name="shouldPrintTimeToConsole" classname="hello.HelloWorldTests" time="0.102"/>
  <testcase name="shouldPrintHelloWorldToConsole" classname="hello.HelloWorldTests" time="0.001"/>
  <system-out><![CDATA[]]></system-out>
  <system-err><![CDATA[]]></system-err>
</testsuite>
